May 06, 2019 10:53:00 PM logging.Logger info
INFO: Reading from clients.csv
May 06, 2019 10:53:00 PM logging.Logger info
INFO: Loading clients...
May 06, 2019 10:53:00 PM logging.Logger info
INFO: Client Person{firstName='c', lastName='c', age=20, id=0} created!
May 06, 2019 10:53:00 PM logging.Logger info
INFO: Clients loaded successfully!
May 06, 2019 10:53:00 PM logging.Logger info
INFO: Reading from events.csv
May 06, 2019 10:53:00 PM logging.Logger info
INFO: Loading events...
May 06, 2019 10:53:00 PM logging.Logger info
INFO: Events loaded!
May 06, 2019 10:53:12 PM logging.Logger info
INFO: Show clients successfully!
May 06, 2019 10:53:59 PM logging.Logger info
INFO: Reading from clients.csv
May 06, 2019 10:53:59 PM logging.Logger info
INFO: Loading clients...
May 06, 2019 10:53:59 PM logging.Logger info
INFO: Client Person{firstName='c', lastName='c', age=20, id=0} created!
May 06, 2019 10:53:59 PM logging.Logger info
INFO: Clients loaded successfully!
May 06, 2019 10:53:59 PM logging.Logger info
INFO: Reading from events.csv
May 06, 2019 10:53:59 PM logging.Logger info
INFO: Loading events...
May 06, 2019 10:53:59 PM logging.Logger info
INFO: Events loaded!
May 06, 2019 10:54:12 PM logging.Logger info
INFO: Show clients successfully!
May 06, 2019 10:54:40 PM logging.Logger info
INFO: Reading from clients.csv
May 06, 2019 10:54:40 PM logging.Logger info
INFO: Loading clients...
May 06, 2019 10:54:40 PM logging.Logger info
INFO: Client Person{firstName='c', lastName='c', age=20, id=0} created!
May 06, 2019 10:54:40 PM logging.Logger info
INFO: Clients loaded successfully!
May 06, 2019 10:54:40 PM logging.Logger info
INFO: Reading from events.csv
May 06, 2019 10:54:40 PM logging.Logger info
INFO: Loading events...
May 06, 2019 10:54:40 PM logging.Logger info
INFO: Events loaded!
May 06, 2019 10:54:46 PM logging.Logger info
INFO: Show clients successfully!
May 06, 2019 10:54:54 PM logging.Logger info
INFO: Client Person{firstName='Mali', lastName='Dumi', age=21, id=1} created!
May 06, 2019 10:54:54 PM logging.Logger info
INFO: Writing to clients.csv
May 06, 2019 11:35:53 PM logging.Logger info
INFO: Reading from clients.csv
May 06, 2019 11:35:53 PM logging.Logger info
INFO: Loading clients.csv...
May 06, 2019 11:35:53 PM logging.Logger info
INFO: Client Person{firstName='c', lastName='c', age=20, id=0} created!
May 06, 2019 11:35:53 PM logging.Logger info
INFO: Client Person{firstName='Mali', lastName='Dumi', age=21, id=1} created!
May 06, 2019 11:35:53 PM logging.Logger info
INFO: Events loaded!
May 06, 2019 11:35:53 PM logging.Logger info
INFO: Reading from events.csv
May 06, 2019 11:35:53 PM logging.Logger info
INFO: Loading events...
May 06, 2019 11:35:53 PM logging.Logger info
INFO: Events loaded!
May 06, 2019 11:35:56 PM logging.Logger info
INFO: Show clients successfully!
May 06, 2019 11:36:08 PM logging.Logger info
INFO: Client Person{firstName='Johny', lastName='Smith', age=45, id=2} created!
May 06, 2019 11:36:08 PM logging.Logger info
INFO: Writing to clients.csv
May 06, 2019 11:36:09 PM logging.Logger info
INFO: Show clients successfully!
May 06, 2019 11:36:15 PM logging.Logger info
INFO: Reading from clients.csv
May 06, 2019 11:36:15 PM logging.Logger info
INFO: Loading clients.csv...
May 06, 2019 11:36:15 PM logging.Logger info
INFO: Client Person{firstName='c', lastName='c', age=20, id=0} created!
May 06, 2019 11:36:15 PM logging.Logger info
INFO: Client Person{firstName='Mali', lastName='Dumi', age=21, id=1} created!
May 06, 2019 11:36:15 PM logging.Logger info
INFO: Client Person{firstName='Johny', lastName='Smith', age=45, id=2} created!
May 06, 2019 11:36:15 PM logging.Logger info
INFO: Events loaded!
May 06, 2019 11:36:15 PM logging.Logger info
INFO: Reading from events.csv
May 06, 2019 11:36:15 PM logging.Logger info
INFO: Loading events...
May 06, 2019 11:36:15 PM logging.Logger info
INFO: Events loaded!
May 06, 2019 11:36:16 PM logging.Logger info
INFO: Show clients successfully!
